<?xml version="1.0" encoding="UTF-8"?>
<testng-results ignored="0" total="20" passed="20" failed="0" skipped="0">
  <reporter-output>
  </reporter-output>
  <suite started-at="2021-03-24T11:31:27 IST" name="Default suite" finished-at="2021-03-24T11:32:49 IST" duration-ms="81725">
    <groups>
    </groups>
    <test started-at="2021-03-24T11:31:27 IST" name="Default test" finished-at="2021-03-24T11:32:49 IST" duration-ms="81725">
      <class name="Tc.Loginpagewheels">
        <test-method is-config="true" signature="setupsuite()[pri:0, instance:Tc.Loginpagewheels@696da30b]" started-at="2021-03-24T11:31:25 IST" name="setupsuite" finished-at="2021-03-24T11:31:27 IST" duration-ms="1806" status="PASS">
          <reporter-output>
          </reporter-output>
        </test-method> <!-- setupsuite -->
        <test-method is-config="true" signature="setup()[pri:0, instance:Tc.Loginpagewheels@696da30b]" started-at="2021-03-24T11:31:27 IST" name="setup" finished-at="2021-03-24T11:31:35 IST" duration-ms="8124" status="PASS">
          <reporter-output>
          </reporter-output>
        </test-method> <!-- setup -->
        <test-method signature="browser()[pri:0, instance:Tc.Loginpagewheels@696da30b]" started-at="2021-03-24T11:31:35 IST" name="browser" finished-at="2021-03-24T11:31:35 IST" duration-ms="79" status="PASS">
          <reporter-output>
          </reporter-output>
        </test-method> <!-- browser -->
        <test-method signature="url()[pri:0, instance:Tc.Loginpagewheels@696da30b]" started-at="2021-03-24T11:31:36 IST" name="url" finished-at="2021-03-24T11:31:36 IST" duration-ms="6" status="PASS">
          <reporter-output>
          </reporter-output>
        </test-method> <!-- url -->
        <test-method signature="loginsearch()[pri:1, instance:Tc.Loginpagewheels@696da30b]" started-at="2021-03-24T11:31:36 IST" name="loginsearch" finished-at="2021-03-24T11:31:37 IST" duration-ms="1634" status="PASS">
          <reporter-output>
          </reporter-output>
        </test-method> <!-- loginsearch -->
        <test-method signature="googlebutton()[pri:2, instance:Tc.Loginpagewheels@696da30b]" started-at="2021-03-24T11:31:37 IST" name="googlebutton" finished-at="2021-03-24T11:31:38 IST" duration-ms="1176" status="PASS">
          <reporter-output>
          </reporter-output>
        </test-method> <!-- googlebutton -->
        <test-method signature="emaildata()[pri:3, instance:Tc.Loginpagewheels@696da30b]" started-at="2021-03-24T11:31:38 IST" name="emaildata" finished-at="2021-03-24T11:31:43 IST" duration-ms="4315" status="PASS">
          <reporter-output>
          </reporter-output>
        </test-method> <!-- emaildata -->
        <test-method signature="verify()[pri:3, instance:Tc.Loginpagewheels@696da30b]" started-at="2021-03-24T11:31:43 IST" name="verify" finished-at="2021-03-24T11:31:46 IST" duration-ms="3332" status="PASS">
          <reporter-output>
          </reporter-output>
        </test-method> <!-- verify -->
        <test-method signature="navigateback()[pri:4, instance:Tc.Loginpagewheels@696da30b]" started-at="2021-03-24T11:31:46 IST" name="navigateback" finished-at="2021-03-24T11:31:49 IST" duration-ms="3112" status="PASS">
          <reporter-output>
          </reporter-output>
        </test-method> <!-- navigateback -->
        <test-method signature="bike()[pri:5, instance:Tc.Loginpagewheels@696da30b]" started-at="2021-03-24T11:31:49 IST" name="bike" finished-at="2021-03-24T11:31:51 IST" duration-ms="1425" status="PASS">
          <reporter-output>
          </reporter-output>
        </test-method> <!-- bike -->
        <test-method signature="manufacture()[pri:6, instance:Tc.Loginpagewheels@696da30b]" started-at="2021-03-24T11:31:51 IST" name="manufacture" finished-at="2021-03-24T11:31:53 IST" duration-ms="2913" status="PASS">
          <reporter-output>
          </reporter-output>
        </test-method> <!-- manufacture -->
        <test-method signature="honda()[pri:7, instance:Tc.Loginpagewheels@696da30b]" started-at="2021-03-24T11:31:53 IST" name="honda" finished-at="2021-03-24T11:32:09 IST" duration-ms="15679" status="PASS">
          <reporter-output>
          </reporter-output>
        </test-method> <!-- honda -->
        <test-method signature="bikes4lakhs()[pri:8, instance:Tc.Loginpagewheels@696da30b]" started-at="2021-03-24T11:32:09 IST" name="bikes4lakhs" finished-at="2021-03-24T11:32:16 IST" duration-ms="6964" status="PASS">
          <reporter-output>
          </reporter-output>
        </test-method> <!-- bikes4lakhs -->
        <test-method signature="mainpage()[pri:9, instance:Tc.Loginpagewheels@696da30b]" started-at="2021-03-24T11:32:16 IST" name="mainpage" finished-at="2021-03-24T11:32:21 IST" duration-ms="5025" status="PASS">
          <reporter-output>
          </reporter-output>
        </test-method> <!-- mainpage -->
        <test-method signature="usedcars()[pri:10, instance:Tc.Loginpagewheels@696da30b]" started-at="2021-03-24T11:32:21 IST" name="usedcars" finished-at="2021-03-24T11:32:27 IST" duration-ms="6047" status="PASS">
          <reporter-output>
          </reporter-output>
        </test-method> <!-- usedcars -->
        <test-method signature="city()[pri:11, instance:Tc.Loginpagewheels@696da30b]" started-at="2021-03-24T11:32:27 IST" name="city" finished-at="2021-03-24T11:32:28 IST" duration-ms="695" status="PASS">
          <reporter-output>
          </reporter-output>
        </test-method> <!-- city -->
        <test-method signature="chennai()[pri:12, instance:Tc.Loginpagewheels@696da30b]" started-at="2021-03-24T11:32:28 IST" name="chennai" finished-at="2021-03-24T11:32:32 IST" duration-ms="4091" status="PASS">
          <reporter-output>
          </reporter-output>
        </test-method> <!-- chennai -->
        <test-method signature="recent()[pri:13, instance:Tc.Loginpagewheels@696da30b]" started-at="2021-03-24T11:32:32 IST" name="recent" finished-at="2021-03-24T11:32:33 IST" duration-ms="907" status="PASS">
          <reporter-output>
          </reporter-output>
        </test-method> <!-- recent -->
        <test-method signature="list()[pri:14, instance:Tc.Loginpagewheels@696da30b]" started-at="2021-03-24T11:32:33 IST" name="list" finished-at="2021-03-24T11:32:39 IST" duration-ms="5828" status="PASS">
          <reporter-output>
          </reporter-output>
        </test-method> <!-- list -->
        <test-method signature="data()[pri:15, instance:Tc.Loginpagewheels@696da30b]" started-at="2021-03-24T11:32:39 IST" name="data" finished-at="2021-03-24T11:32:39 IST" duration-ms="187" status="PASS">
          <reporter-output>
          </reporter-output>
        </test-method> <!-- data -->
        <test-method signature="mainpage1()[pri:16, instance:Tc.Loginpagewheels@696da30b]" started-at="2021-03-24T11:32:39 IST" name="mainpage1" finished-at="2021-03-24T11:32:43 IST" duration-ms="4415" status="PASS">
          <reporter-output>
          </reporter-output>
        </test-method> <!-- mainpage1 -->
        <test-method signature="moveFocusToMainWindow()[pri:17, instance:Tc.Loginpagewheels@696da30b]" started-at="2021-03-24T11:32:43 IST" name="moveFocusToMainWindow" finished-at="2021-03-24T11:32:46 IST" duration-ms="2848" status="PASS">
          <reporter-output>
          </reporter-output>
        </test-method> <!-- moveFocusToMainWindow -->
        <test-method is-config="true" signature="teardown()[pri:0, instance:Tc.Loginpagewheels@696da30b]" started-at="2021-03-24T11:32:46 IST" name="teardown" finished-at="2021-03-24T11:32:49 IST" duration-ms="2745" status="PASS">
          <reporter-output>
          </reporter-output>
        </test-method> <!-- teardown -->
      </class> <!-- Tc.Loginpagewheels -->
    </test> <!-- Default test -->
  </suite> <!-- Default suite -->
</testng-results>
