<?xml version="1.0" encoding="UTF-8"?>
<!-- Generated by org.testng.reporters.JUnitXMLReporter -->
<testsuite ignored="0" hostname="DESKTOP-973NT7M" failures="0" tests="20" name="Default test" time="81.725" errors="0" timestamp="2021-03-24T11:32:49 IST">
  <testcase classname="Tc.Loginpagewheels" name="browser" time="0.079"/>
  <testcase classname="Tc.Loginpagewheels" name="url" time="0.006"/>
  <testcase classname="Tc.Loginpagewheels" name="loginsearch" time="1.634"/>
  <testcase classname="Tc.Loginpagewheels" name="googlebutton" time="1.176"/>
  <testcase classname="Tc.Loginpagewheels" name="emaildata" time="4.315"/>
  <testcase classname="Tc.Loginpagewheels" name="verify" time="3.332"/>
  <testcase classname="Tc.Loginpagewheels" name="navigateback" time="3.112"/>
  <testcase classname="Tc.Loginpagewheels" name="bike" time="1.425"/>
  <testcase classname="Tc.Loginpagewheels" name="manufacture" time="2.913"/>
  <testcase classname="Tc.Loginpagewheels" name="honda" time="15.679"/>
  <testcase classname="Tc.Loginpagewheels" name="bikes4lakhs" time="6.964"/>
  <testcase classname="Tc.Loginpagewheels" name="mainpage" time="5.025"/>
  <testcase classname="Tc.Loginpagewheels" name="usedcars" time="6.047"/>
  <testcase classname="Tc.Loginpagewheels" name="city" time="0.695"/>
  <testcase classname="Tc.Loginpagewheels" name="chennai" time="4.091"/>
  <testcase classname="Tc.Loginpagewheels" name="recent" time="0.907"/>
  <testcase classname="Tc.Loginpagewheels" name="list" time="5.828"/>
  <testcase classname="Tc.Loginpagewheels" name="data" time="0.187"/>
  <testcase classname="Tc.Loginpagewheels" name="mainpage1" time="4.415"/>
  <testcase classname="Tc.Loginpagewheels" name="moveFocusToMainWindow" time="2.848"/>
</testsuite> <!-- Default test -->
