<?xml version="1.0" encoding="UTF-8"?>
<testsuite xmlns:xsi="http://www.w3.org/2001/XMLSchema-instance" xsi:noNamespaceSchemaLocation="https://maven.apache.org/surefire/maven-surefire-plugin/xsd/surefire-test-report-3.0.xsd" version="3.0" name="TestSuite" time="81.497" tests="20" errors="0" skipped="0" failures="0">
  <properties>
[...]
</properties>
  <testcase name="browser" classname="Tc.Loginpagewheels" time="0.025">
    <system-out><![CDATA[Page Title:
ZigWheels - New Cars, Used Cars, Bikes Prices, News, Reviews, Forum
]]></system-out>
    <system-err><![CDATA[Starting ChromeDriver 88.0.4324.96 (68dba2d8a0b149a1d3afac56fa74648032bcf46b-refs/branch-heads/4324@{#1784}) on port 17820
Only local connections are allowed.
Please see https://chromedriver.chromium.org/security-considerations for suggestions on keeping ChromeDriver safe.
ChromeDriver was started successfully.
[1616503469.797][WARNING]: This version of ChromeDriver has not been tested with Chrome version 89.
Mar 23, 2021 6:14:30 PM org.openqa.selenium.remote.ProtocolHandshake createSession
INFO: Detected dialect: W3C
]]></system-err>
  </testcase>
  <testcase name="url" classname="Tc.Loginpagewheels" time="0.002"/>
  <testcase name="loginsearch" classname="Tc.Loginpagewheels" time="1.046"/>
  <testcase name="googlebutton" classname="Tc.Loginpagewheels" time="2.392"/>
  <testcase name="emaildata" classname="Tc.Loginpagewheels" time="5.59"/>
  <testcase name="verify" classname="Tc.Loginpagewheels" time="3.282">
    <system-out><![CDATA[Part 1:
Screen shot taken
Invalid value is given in signin.Hence it shows error as: Enter a valid email or phone number
]]></system-out>
  </testcase>
  <testcase name="navigateback" classname="Tc.Loginpagewheels" time="3.415"/>
  <testcase name="bike" classname="Tc.Loginpagewheels" time="1.239"/>
  <testcase name="manufacture" classname="Tc.Loginpagewheels" time="2.991"/>
  <testcase name="honda" classname="Tc.Loginpagewheels" time="10.552"/>
  <testcase name="bikes4lakhs" classname="Tc.Loginpagewheels" time="8.243">
    <system-out><![CDATA[PART 2:
Upcoming  Bikes Below 4 Lakhs are as follows:
Honda CB300R  2.41 Lakh  Exp. Launch : May 2021
Honda PCX160  1.20 Lakh  Exp. Launch : June 2021
Honda Forza 350  3.00 Lakh  Exp. Launch : June 2021
Honda PCX Electric  1.45 Lakh  Exp. Launch : July 2021
Honda Rebel 300  2.30 Lakh  Exp. Launch : August 2021
Honda CBR300R  3.00 Lakh  Exp. Launch : August 2021
Honda Hornet 2.0 Adventure  1.40 Lakh  Exp. Launch : September 2021
Honda CBR150R  1.60 Lakh  Exp. Launch : October 2022
]]></system-out>
  </testcase>
  <testcase name="mainpage" classname="Tc.Loginpagewheels" time="4.256"/>
  <testcase name="usedcars" classname="Tc.Loginpagewheels" time="6.739"/>
  <testcase name="city" classname="Tc.Loginpagewheels" time="0.626"/>
  <testcase name="chennai" classname="Tc.Loginpagewheels" time="4.404"/>
  <testcase name="recent" classname="Tc.Loginpagewheels" time="0.75"/>
  <testcase name="list" classname="Tc.Loginpagewheels" time="5.841"/>
  <testcase name="data" classname="Tc.Loginpagewheels" time="0.231">
    <system-out><![CDATA[Popular Models of Used Cars in Chennai are:-
1 Hyundai I10
2 Hyundai Santro Xing
3 Maruti Swift
4 Maruti Alto
5 Maruti 800
6 Toyota Innova
7 Toyota Fortuner
8 Honda City
9 Mahindra XUV500
10 Maruti Swift Dzire
]]></system-out>
  </testcase>
  <testcase name="mainpage1" classname="Tc.Loginpagewheels" time="4.831"/>
  <testcase name="moveFocusToMainWindow" classname="Tc.Loginpagewheels" time="2.454"/>
</testsuite>