<?xml version="1.0" encoding="UTF-8"?>
<!-- Generated by org.testng.reporters.JUnitXMLReporter -->
<testsuite ignored="0" hostname="DESKTOP-973NT7M" failures="0" tests="20" name="Test" time="78.505" errors="0" timestamp="2021-03-23T18:15:44 IST">
  <testcase classname="Tc.Loginpagewheels" name="browser" time="0.066"/>
  <testcase classname="Tc.Loginpagewheels" name="url" time="0.001"/>
  <testcase classname="Tc.Loginpagewheels" name="loginsearch" time="1.043"/>
  <testcase classname="Tc.Loginpagewheels" name="googlebutton" time="2.392"/>
  <testcase classname="Tc.Loginpagewheels" name="emaildata" time="5.589"/>
  <testcase classname="Tc.Loginpagewheels" name="verify" time="3.28"/>
  <testcase classname="Tc.Loginpagewheels" name="navigateback" time="3.413"/>
  <testcase classname="Tc.Loginpagewheels" name="bike" time="1.239"/>
  <testcase classname="Tc.Loginpagewheels" name="manufacture" time="2.988"/>
  <testcase classname="Tc.Loginpagewheels" name="honda" time="10.554"/>
  <testcase classname="Tc.Loginpagewheels" name="bikes4lakhs" time="8.229"/>
  <testcase classname="Tc.Loginpagewheels" name="mainpage" time="4.269"/>
  <testcase classname="Tc.Loginpagewheels" name="usedcars" time="6.739"/>
  <testcase classname="Tc.Loginpagewheels" name="city" time="0.627"/>
  <testcase classname="Tc.Loginpagewheels" name="chennai" time="4.402"/>
  <testcase classname="Tc.Loginpagewheels" name="recent" time="0.75"/>
  <testcase classname="Tc.Loginpagewheels" name="list" time="5.85"/>
  <testcase classname="Tc.Loginpagewheels" name="data" time="0.221"/>
  <testcase classname="Tc.Loginpagewheels" name="mainpage1" time="4.84"/>
  <testcase classname="Tc.Loginpagewheels" name="moveFocusToMainWindow" time="2.454"/>
</testsuite> <!-- Test -->
